<?xml version="1.0" encoding="UTF-8"?>
<!-- Generated by org.testng.reporters.JUnitXMLReporter -->
<testsuite ignored="0" hostname="sys" failures="3" tests="4" name="OpenCart Tests" time="13.313" errors="0" timestamp="2021-08-18T01:51:10 EDT">
  <testcase classname="testCases.TC_003_LoginDDT" name="test_LoginDDT" time="3.078"/>
  <testcase classname="testCases.TC_003_LoginDDT" name="test_LoginDDT" time="2.167">
    <failure type="java.lang.AssertionError" message="expected [true] but found [false]">
      <![CDATA[java.lang.AssertionError: expected [true] but found [false]
at testCases.TC_003_LoginDDT.test_LoginDDT(TC_003_LoginDDT.java:78)
at java.base/java.util.ArrayList.forEach(ArrayList.java:1511)
... Removed 31 stack frames]]>
    </failure>
  </testcase> <!-- test_LoginDDT -->
  <testcase classname="testCases.TC_003_LoginDDT" name="test_LoginDDT" time="2.161">
    <failure type="java.lang.AssertionError" message="expected [true] but found [false]">
      <![CDATA[java.lang.AssertionError: expected [true] but found [false]
at testCases.TC_003_LoginDDT.test_LoginDDT(TC_003_LoginDDT.java:78)
at java.base/java.util.ArrayList.forEach(ArrayList.java:1511)
... Removed 31 stack frames]]>
    </failure>
  </testcase> <!-- test_LoginDDT -->
  <testcase classname="testCases.TC_003_LoginDDT" name="test_LoginDDT" time="2.226">
    <failure type="java.lang.AssertionError" message="expected [true] but found [false]">
      <![CDATA[java.lang.AssertionError: expected [true] but found [false]
at testCases.TC_003_LoginDDT.test_LoginDDT(TC_003_LoginDDT.java:78)
at java.base/java.util.ArrayList.forEach(ArrayList.java:1511)
... Removed 31 stack frames]]>
    </failure>
  </testcase> <!-- test_LoginDDT -->
</testsuite> <!-- OpenCart Tests -->
